2020-03-20 15:31:08.267  INFO [users-ws,,,] 24144 --- [restartedMain] com.microservice.users.UsersApplication  : No active profile set, falling back to default profiles: default
2020-03-20 15:31:09.451  WARN [users-ws,,,] 24144 --- [restartedMain] o.s.boot.actuate.endpoint.EndpointId     : Endpoint ID 'bus-env' contains invalid characters, please migrate to a valid format.
2020-03-20 15:31:09.681  INFO [users-ws,,,] 24144 --- [restartedMain] .s.d.r.c.RepositoryConfigurationDelegate : Bootstrapping Spring Data JPA repositories in DEFAULT mode.
2020-03-20 15:31:09.767  INFO [users-ws,,,] 24144 --- [restartedMain] .s.d.r.c.RepositoryConfigurationDelegate : Finished Spring Data repository scanning in 76ms. Found 1 JPA repository interfaces.
2020-03-20 15:31:09.889  WARN [users-ws,,,] 24144 --- [restartedMain] o.s.boot.actuate.endpoint.EndpointId     : Endpoint ID 'bus-refresh' contains invalid characters, please migrate to a valid format.
2020-03-20 15:31:09.956  WARN [users-ws,,,] 24144 --- [restartedMain] o.s.boot.actuate.endpoint.EndpointId     : Endpoint ID 'service-registry' contains invalid characters, please migrate to a valid format.
2020-03-20 15:31:10.293  INFO [users-ws,,,] 24144 --- [restartedMain] o.s.cloud.context.scope.GenericScope     : BeanFactory id=abb4b275-cacb-32b9-90d4-7332f4e88194
2020-03-20 15:31:10.465  INFO [users-ws,,,] 24144 --- [restartedMain] faultConfiguringBeanFactoryPostProcessor : No bean named 'errorChannel' has been explicitly defined. Therefore, a default PublishSubscribeChannel will be created.
2020-03-20 15:31:10.473  INFO [users-ws,,,] 24144 --- [restartedMain] faultConfiguringBeanFactoryPostProcessor : No bean named 'integrationHeaderChannelRegistry' has been explicitly defined. Therefore, a default DefaultHeaderChannelRegistry will be created.
2020-03-20 15:31:10.677  INFO [users-ws,,,] 24144 --- [restartedMain] trationDelegate$BeanPostProcessorChecker : Bean 'org.springframework.transaction.annotation.ProxyTransactionManagementConfiguration' of type [org.springframework.transaction.annotation.ProxyTransactionManagementConfiguration] is not eligible for getting processed by all BeanPostProcessors (for example: not eligible for auto-proxying)
2020-03-20 15:31:10.722  INFO [users-ws,,,] 24144 --- [restartedMain] trationDelegate$BeanPostProcessorChecker : Bean 'integrationChannelResolver' of type [org.springframework.integration.support.channel.BeanFactoryChannelResolver] is not eligible for getting processed by all BeanPostProcessors (for example: not eligible for auto-proxying)
2020-03-20 15:31:10.726  INFO [users-ws,,,] 24144 --- [restartedMain] trationDelegate$BeanPostProcessorChecker : Bean 'integrationDisposableAutoCreatedBeans' of type [org.springframework.integration.config.annotation.Disposables] is not eligible for getting processed by all BeanPostProcessors (for example: not eligible for auto-proxying)
2020-03-20 15:31:10.756  INFO [users-ws,,,] 24144 --- [restartedMain] trationDelegate$BeanPostProcessorChecker : Bean 'org.springframework.integration.config.IntegrationManagementConfiguration' of type [org.springframework.integration.config.IntegrationManagementConfiguration] is not eligible for getting processed by all BeanPostProcessors (for example: not eligible for auto-proxying)
2020-03-20 15:31:10.766  INFO [users-ws,,,] 24144 --- [restartedMain] trationDelegate$BeanPostProcessorChecker : Bean 'org.springframework.boot.autoconfigure.integration.IntegrationAutoConfiguration$IntegrationJmxConfiguration' of type [org.springframework.boot.autoconfigure.integration.IntegrationAutoConfiguration$IntegrationJmxConfiguration] is not eligible for getting processed by all BeanPostProcessors (for example: not eligible for auto-proxying)
2020-03-20 15:31:10.778  INFO [users-ws,,,] 24144 --- [restartedMain] trationDelegate$BeanPostProcessorChecker : Bean 'org.springframework.boot.autoconfigure.jmx.JmxAutoConfiguration' of type [org.springframework.boot.autoconfigure.jmx.JmxAutoConfiguration] is not eligible for getting processed by all BeanPostProcessors (for example: not eligible for auto-proxying)
2020-03-20 15:31:10.784  INFO [users-ws,,,] 24144 --- [restartedMain] trationDelegate$BeanPostProcessorChecker : Bean 'mbeanServer' of type [com.sun.jmx.mbeanserver.JmxMBeanServer] is not eligible for getting processed by all BeanPostProcessors (for example: not eligible for auto-proxying)
2020-03-20 15:31:11.375  INFO [users-ws,,,] 24144 --- [restartedMain] o.s.b.w.embedded.tomcat.TomcatWebServer  : Tomcat initialized with port(s): 0 (http)
2020-03-20 15:31:11.384  INFO [users-ws,,,] 24144 --- [restartedMain] o.apache.catalina.core.StandardService   : Starting service [Tomcat]
2020-03-20 15:31:11.384  INFO [users-ws,,,] 24144 --- [restartedMain] org.apache.catalina.core.StandardEngine  : Starting Servlet engine: [Apache Tomcat/9.0.30]
2020-03-20 15:31:11.514  INFO [users-ws,,,] 24144 --- [restartedMain] o.a.c.c.C.[Tomcat].[localhost].[/]       : Initializing Spring embedded WebApplicationContext
2020-03-20 15:31:11.515  INFO [users-ws,,,] 24144 --- [restartedMain] o.s.web.context.ContextLoader            : Root WebApplicationContext: initialization completed in 3225 ms
2020-03-20 15:31:11.654  WARN [users-ws,,,] 24144 --- [restartedMain] c.n.c.sources.URLConfigurationSource     : No URLs will be polled as dynamic configuration sources.
2020-03-20 15:31:11.654  INFO [users-ws,,,] 24144 --- [restartedMain] c.n.c.sources.URLConfigurationSource     : To enable URLs as dynamic configuration sources, define System property archaius.configurationSource.additionalUrls or make config.properties available on classpath.
2020-03-20 15:31:11.662  INFO [users-ws,,,] 24144 --- [restartedMain] c.netflix.config.DynamicPropertyFactory  : DynamicPropertyFactory is initialized with configuration sources: com.netflix.config.ConcurrentCompositeConfiguration@69be6ca0
2020-03-20 15:31:11.781  INFO [users-ws,,,] 24144 --- [restartedMain] com.zaxxer.hikari.HikariDataSource       : HikariPool-1 - Starting...
2020-03-20 15:31:11.944  INFO [users-ws,,,] 24144 --- [restartedMain] com.zaxxer.hikari.HikariDataSource       : HikariPool-1 - Start completed.
2020-03-20 15:31:11.950  INFO [users-ws,,,] 24144 --- [restartedMain] o.s.b.a.h2.H2ConsoleAutoConfiguration    : H2 console available at '/h2-console'. Database available at 'jdbc:h2:file:C:/Users/nlshikha/test'
2020-03-20 15:31:12.886  WARN [users-ws,,,] 24144 --- [restartedMain] o.s.c.s.zipkin2.ZipkinAutoConfiguration  : Check result of the [AsyncReporter{org.springframework.cloud.sleuth.zipkin2.sender.RestTemplateSender@64d5baf5}] contains an error [CheckResult{ok=false, error=org.springframework.web.client.ResourceAccessException: I/O error on POST request for "http://localhost:9411/api/v2/spans": connect timed out; nested exception is java.net.SocketTimeoutException: connect timed out}]
2020-03-20 15:31:14.283  INFO [users-ws,,,] 24144 --- [restartedMain] o.s.s.c.ThreadPoolTaskScheduler          : Initializing ExecutorService 'taskScheduler'
2020-03-20 15:31:14.843  INFO [users-ws,,,] 24144 --- [restartedMain] o.hibernate.jpa.internal.util.LogHelper  : HHH000204: Processing PersistenceUnitInfo [name: default]
2020-03-20 15:31:14.977  INFO [users-ws,,,] 24144 --- [restartedMain] org.hibernate.Version                    : HHH000412: Hibernate Core {5.4.10.Final}
2020-03-20 15:31:15.221  INFO [users-ws,,,] 24144 --- [restartedMain] o.hibernate.annotations.common.Version   : HCANN000001: Hibernate Commons Annotations {5.1.0.Final}
2020-03-20 15:31:15.420  INFO [users-ws,,,] 24144 --- [restartedMain] org.hibernate.dialect.Dialect            : HHH000400: Using dialect: org.hibernate.dialect.H2Dialect
2020-03-20 15:31:16.462  INFO [users-ws,,,] 24144 --- [restartedMain] o.h.e.t.j.p.i.JtaPlatformInitiator       : HHH000490: Using JtaPlatform implementation: [org.hibernate.engine.transaction.jta.platform.internal.NoJtaPlatform]
2020-03-20 15:31:16.471  INFO [users-ws,,,] 24144 --- [restartedMain] j.LocalContainerEntityManagerFactoryBean : Initialized JPA EntityManagerFactory for persistence unit 'default'
2020-03-20 15:31:16.515  WARN [users-ws,,,] 24144 --- [restartedMain] o.s.b.d.a.OptionalLiveReloadServer       : Unable to start LiveReload server
2020-03-20 15:31:16.980  WARN [users-ws,,,] 24144 --- [restartedMain] JpaBaseConfiguration$JpaWebConfiguration : spring.jpa.open-in-view is enabled by default. Therefore, database queries may be performed during view rendering. Explicitly configure spring.jpa.open-in-view to disable this warning
2020-03-20 15:31:17.637  INFO [users-ws,,,] 24144 --- [restartedMain] o.s.b.a.e.web.EndpointLinksResolver      : Exposing 2 endpoint(s) beneath base path '/actuator'
2020-03-20 15:31:17.907  INFO [users-ws,,,] 24144 --- [restartedMain] o.s.s.web.DefaultSecurityFilterChain     : Creating filter chain: any request, [org.springframework.security.web.context.request.async.WebAsyncManagerIntegrationFilter@d008879, org.springframework.security.web.context.SecurityContextPersistenceFilter@6545f012, org.springframework.security.web.header.HeaderWriterFilter@719dbf80, org.springframework.security.web.authentication.logout.LogoutFilter@537eaf1e, com.microservice.users.security.AuthenticationFilter@66934027, org.springframework.security.web.savedrequest.RequestCacheAwareFilter@1f2ffac1, org.springframework.security.web.servletapi.SecurityContextHolderAwareRequestFilter@336c4f0, org.springframework.security.web.authentication.AnonymousAuthenticationFilter@294aac56, org.springframework.security.web.session.SessionManagementFilter@426b61a2, org.springframework.security.web.access.ExceptionTranslationFilter@73c5017d, org.springframework.security.web.access.intercept.FilterSecurityInterceptor@b973afd]
2020-03-20 15:31:17.938  INFO [users-ws,,,] 24144 --- [restartedMain] pertySourcedRequestMappingHandlerMapping : Mapped URL path [/v2/api-docs] onto method [springfox.documentation.swagger2.web.Swagger2Controller#getDocumentation(String, HttpServletRequest)]
2020-03-20 15:31:17.969  WARN [users-ws,,,] 24144 --- [restartedMain] c.n.c.sources.URLConfigurationSource     : No URLs will be polled as dynamic configuration sources.
2020-03-20 15:31:17.970  INFO [users-ws,,,] 24144 --- [restartedMain] c.n.c.sources.URLConfigurationSource     : To enable URLs as dynamic configuration sources, define System property archaius.configurationSource.additionalUrls or make config.properties available on classpath.
2020-03-20 15:31:18.107  INFO [users-ws,,,] 24144 --- [restartedMain] o.s.s.concurrent.ThreadPoolTaskExecutor  : Initializing ExecutorService 'applicationTaskExecutor'
2020-03-20 15:31:20.099  WARN [users-ws,,,] 24144 --- [restartedMain] ockingLoadBalancerClientRibbonWarnLogger : You already have RibbonLoadBalancerClient on your classpath. It will be used by default. As Spring Cloud Ribbon is in maintenance mode. We recommend switching to BlockingLoadBalancerClient instead. In order to use it, set the value of `spring.cloud.loadbalancer.ribbon.enabled` to `false` or remove spring-cloud-starter-netflix-ribbon from your project.
2020-03-20 15:31:21.216  INFO [users-ws,,,] 24144 --- [restartedMain] o.s.c.s.m.DirectWithAttributesChannel    : Channel 'application-1.springCloudBusInput' has 1 subscriber(s).
2020-03-20 15:31:21.361  INFO [users-ws,,,] 24144 --- [restartedMain] o.s.i.monitor.IntegrationMBeanExporter   : Registering MessageChannel springCloudBusInput
2020-03-20 15:31:21.435  INFO [users-ws,,,] 24144 --- [restartedMain] o.s.i.monitor.IntegrationMBeanExporter   : Registering MessageChannel springCloudBusOutput
2020-03-20 15:31:21.442  INFO [users-ws,,,] 24144 --- [restartedMain] o.s.i.monitor.IntegrationMBeanExporter   : Registering MessageChannel errorChannel
2020-03-20 15:31:21.489  INFO [users-ws,,,] 24144 --- [restartedMain] o.s.i.monitor.IntegrationMBeanExporter   : Registering MessageChannel nullChannel
2020-03-20 15:31:21.512  INFO [users-ws,,,] 24144 --- [restartedMain] o.s.i.monitor.IntegrationMBeanExporter   : Registering MessageHandler errorLogger
2020-03-20 15:31:21.534  INFO [users-ws,,,] 24144 --- [restartedMain] o.s.i.monitor.IntegrationMBeanExporter   : Registering MessageHandler org.springframework.cloud.stream.binding.StreamListenerMessageHandler@59bf7264
2020-03-20 15:31:21.625  INFO [users-ws,,,] 24144 --- [restartedMain] o.s.i.endpoint.EventDrivenConsumer       : Adding {logging-channel-adapter:_org.springframework.integration.errorLogger} as a subscriber to the 'errorChannel' channel
2020-03-20 15:31:21.625  INFO [users-ws,,,] 24144 --- [restartedMain] o.s.i.channel.PublishSubscribeChannel    : Channel 'application-1.errorChannel' has 1 subscriber(s).
2020-03-20 15:31:21.625  INFO [users-ws,,,] 24144 --- [restartedMain] o.s.i.endpoint.EventDrivenConsumer       : started bean '_org.springframework.integration.errorLogger'
2020-03-20 15:31:22.289  INFO [users-ws,,,] 24144 --- [restartedMain] c.c.c.ConfigServicePropertySourceLocator : Fetching config from server at : http://localhost:8012
2020-03-20 15:31:52.679  INFO [users-ws,,,] 24144 --- [restartedMain] c.c.c.ConfigServicePropertySourceLocator : Located environment: name=users-ws, profiles=[default], label=null, version=null, state=null
2020-03-20 15:31:52.679  INFO [users-ws,,,] 24144 --- [restartedMain] b.c.PropertySourceBootstrapConfiguration : Located property source: [BootstrapPropertySource {name='bootstrapProperties-https://github.com/Shitij-Khanna/MicroserviceProjectAPIConfigServer/users-ws.properties'}, BootstrapPropertySource {name='bootstrapProperties-https://github.com/Shitij-Khanna/MicroserviceProjectAPIConfigServer/application.properties'}]
2020-03-20 15:31:52.831  INFO [users-ws,,,] 24144 --- [restartedMain] o.s.a.r.c.CachingConnectionFactory       : Attempting to connect to: [localhost:5672]
2020-03-20 15:31:52.868  INFO [users-ws,,,] 24144 --- [restartedMain] o.s.a.r.c.CachingConnectionFactory       : Created new connection: rabbitConnectionFactory#660eff0f:0/SimpleConnection@1af7e08a [delegate=amqp://guest@127.0.0.1:5672/, localPort= 63764]
2020-03-20 15:31:52.873  INFO [users-ws,,,] 24144 --- [restartedMain] o.s.amqp.rabbit.core.RabbitAdmin         : Auto-declaring a non-durable, auto-delete, or exclusive Queue (users.marketingQueueName) durable:false, auto-delete:false, exclusive:false. It will be redeclared if the broker stops and is restarted while the connection factory is alive, but all messages will be lost.
2020-03-20 15:31:52.874  INFO [users-ws,,,] 24144 --- [restartedMain] o.s.amqp.rabbit.core.RabbitAdmin         : Auto-declaring a non-durable, auto-delete, or exclusive Queue (users.financeQueueName) durable:false, auto-delete:false, exclusive:false. It will be redeclared if the broker stops and is restarted while the connection factory is alive, but all messages will be lost.
2020-03-20 15:31:52.874  INFO [users-ws,,,] 24144 --- [restartedMain] o.s.amqp.rabbit.core.RabbitAdmin         : Auto-declaring a non-durable, auto-delete, or exclusive Queue (users.ITqueue) durable:false, auto-delete:false, exclusive:false. It will be redeclared if the broker stops and is restarted while the connection factory is alive, but all messages will be lost.
2020-03-20 15:31:52.926  INFO [users-ws,,,] 24144 --- [restartedMain] o.s.c.s.m.DirectWithAttributesChannel    : Channel 'application-1.springCloudBusOutput' has 1 subscriber(s).
2020-03-20 15:31:52.967  INFO [users-ws,,,] 24144 --- [restartedMain] c.s.b.r.p.RabbitExchangeQueueProvisioner : declaring queue for inbound: springCloudBus.anonymous.IDdgbLiRQQeRXts8O7hNAg, bound to: springCloudBus
2020-03-20 15:31:52.982  INFO [users-ws,,,] 24144 --- [restartedMain] o.s.c.stream.binder.BinderErrorChannel   : Channel 'springCloudBus.anonymous.IDdgbLiRQQeRXts8O7hNAg.errors' has 1 subscriber(s).
2020-03-20 15:31:52.982  INFO [users-ws,,,] 24144 --- [restartedMain] o.s.c.stream.binder.BinderErrorChannel   : Channel 'springCloudBus.anonymous.IDdgbLiRQQeRXts8O7hNAg.errors' has 2 subscriber(s).
2020-03-20 15:31:53.001  INFO [users-ws,,,] 24144 --- [restartedMain] o.s.i.a.i.AmqpInboundChannelAdapter      : started bean 'inbound.springCloudBus.anonymous.IDdgbLiRQQeRXts8O7hNAg'
2020-03-20 15:31:53.003  INFO [users-ws,,,] 24144 --- [restartedMain] d.s.w.p.DocumentationPluginsBootstrapper : Context refreshed
2020-03-20 15:31:53.025  INFO [users-ws,,,] 24144 --- [restartedMain] d.s.w.p.DocumentationPluginsBootstrapper : Found 1 custom documentation plugin(s)
2020-03-20 15:31:53.062  INFO [users-ws,,,] 24144 --- [restartedMain] s.d.s.w.s.ApiListingReferenceScanner     : Scanning for api listing references
2020-03-20 15:31:53.180  INFO [users-ws,,,] 24144 --- [restartedMain] .d.s.w.r.o.CachingOperationNameGenerator : Generating unique operation named: handleUsingGET_1
2020-03-20 15:31:53.181  INFO [users-ws,,,] 24144 --- [restartedMain] .d.s.w.r.o.CachingOperationNameGenerator : Generating unique operation named: handleUsingGET_2
2020-03-20 15:31:53.222  INFO [users-ws,,,] 24144 --- [restartedMain] o.s.i.monitor.IntegrationMBeanExporter   : Registering MessageChannel springCloudBus.anonymous.IDdgbLiRQQeRXts8O7hNAg.errors
2020-03-20 15:31:53.310  INFO [users-ws,,,] 24144 --- [restartedMain] o.s.b.w.embedded.tomcat.TomcatWebServer  : Tomcat started on port(s): 63765 (http) with context path ''
2020-03-20 15:31:53.311  INFO [users-ws,,,] 24144 --- [restartedMain] .s.c.n.e.s.EurekaAutoServiceRegistration : Updating port to 63765
2020-03-20 15:31:53.315  INFO [users-ws,,,] 24144 --- [restartedMain] o.s.c.n.eureka.InstanceInfoFactory       : Setting initial instance status as: STARTING
2020-03-20 15:31:53.352  INFO [users-ws,,,] 24144 --- [restartedMain] com.netflix.discovery.DiscoveryClient    : Initializing Eureka in region us-east-1
2020-03-20 15:31:53.831  INFO [users-ws,,,] 24144 --- [restartedMain] c.n.d.provider.DiscoveryJerseyProvider   : Using JSON encoding codec LegacyJacksonJson
2020-03-20 15:31:53.831  INFO [users-ws,,,] 24144 --- [restartedMain] c.n.d.provider.DiscoveryJerseyProvider   : Using JSON decoding codec LegacyJacksonJson
2020-03-20 15:31:53.920  INFO [users-ws,,,] 24144 --- [restartedMain] c.n.d.provider.DiscoveryJerseyProvider   : Using XML encoding codec XStreamXml
2020-03-20 15:31:53.921  INFO [users-ws,,,] 24144 --- [restartedMain] c.n.d.provider.DiscoveryJerseyProvider   : Using XML decoding codec XStreamXml
2020-03-20 15:31:54.068  INFO [users-ws,,,] 24144 --- [restartedMain] c.n.d.s.r.aws.ConfigClusterResolver      : Resolving eureka endpoints via configuration
2020-03-20 15:31:54.378  INFO [users-ws,,,] 24144 --- [restartedMain] com.netflix.discovery.DiscoveryClient    : Disable delta property : false
2020-03-20 15:31:54.378  INFO [users-ws,,,] 24144 --- [restartedMain] com.netflix.discovery.DiscoveryClient    : Single vip registry refresh property : null
2020-03-20 15:31:54.378  INFO [users-ws,,,] 24144 --- [restartedMain] com.netflix.discovery.DiscoveryClient    : Force full registry fetch : false
2020-03-20 15:31:54.379  INFO [users-ws,,,] 24144 --- [restartedMain] com.netflix.discovery.DiscoveryClient    : Application is null : false
2020-03-20 15:31:54.379  INFO [users-ws,,,] 24144 --- [restartedMain] com.netflix.discovery.DiscoveryClient    : Registered Applications size is zero : true
2020-03-20 15:31:54.379  INFO [users-ws,,,] 24144 --- [restartedMain] com.netflix.discovery.DiscoveryClient    : Application version is -1: true
2020-03-20 15:31:54.379  INFO [users-ws,,,] 24144 --- [restartedMain] com.netflix.discovery.DiscoveryClient    : Getting all instance registry info from the eureka server
2020-03-20 15:31:54.472  INFO [users-ws,,,] 24144 --- [restartedMain] com.netflix.discovery.DiscoveryClient    : The response status is 200
2020-03-20 15:31:54.474  INFO [users-ws,,,] 24144 --- [restartedMain] com.netflix.discovery.DiscoveryClient    : Starting heartbeat executor: renew interval is: 30
2020-03-20 15:31:54.476  INFO [users-ws,,,] 24144 --- [restartedMain] c.n.discovery.InstanceInfoReplicator     : InstanceInfoReplicator onDemand update allowed rate per min is 4
2020-03-20 15:31:54.479  INFO [users-ws,,,] 24144 --- [restartedMain] com.netflix.discovery.DiscoveryClient    : Discovery Client initialized at timestamp 1584714714478 with initial instances count: 1
2020-03-20 15:31:54.486  INFO [users-ws,,,] 24144 --- [restartedMain] o.s.c.n.e.s.EurekaServiceRegistry        : Registering application USERS-WS with eureka with status UP
2020-03-20 15:31:54.487  INFO [users-ws,,,] 24144 --- [restartedMain] com.netflix.discovery.DiscoveryClient    : Saw local status change event StatusChangeEvent [timestamp=1584714714487, current=UP, previous=STARTING]
2020-03-20 15:31:54.489  INFO [users-ws,,,] 24144 --- [DiscoveryClient-InstanceInfoReplicator-0] com.netflix.discovery.DiscoveryClient    : DiscoveryClient_USERS-WS/users-ws:ef1b0be93d136ab3524d93f196e00de6: registering service...
2020-03-20 15:31:54.522  INFO [users-ws,,,] 24144 --- [DiscoveryClient-InstanceInfoReplicator-0] com.netflix.discovery.DiscoveryClient    : DiscoveryClient_USERS-WS/users-ws:ef1b0be93d136ab3524d93f196e00de6 - registration status: 204
2020-03-20 15:31:55.106  INFO [users-ws,,,] 24144 --- [restartedMain] com.microservice.users.UsersApplication  : Started UsersApplication in 70.281 seconds (JVM running for 71.532)
2020-03-20 15:36:54.381  INFO [users-ws,,,] 24144 --- [AsyncResolver-bootstrap-executor-0] c.n.d.s.r.aws.ConfigClusterResolver      : Resolving eureka endpoints via configuration
2020-03-20 15:41:54.383  INFO [users-ws,,,] 24144 --- [AsyncResolver-bootstrap-executor-0] c.n.d.s.r.aws.ConfigClusterResolver      : Resolving eureka endpoints via configuration
2020-03-20 15:46:54.386  INFO [users-ws,,,] 24144 --- [AsyncResolver-bootstrap-executor-0] c.n.d.s.r.aws.ConfigClusterResolver      : Resolving eureka endpoints via configuration
2020-03-20 15:51:54.387  INFO [users-ws,,,] 24144 --- [AsyncResolver-bootstrap-executor-0] c.n.d.s.r.aws.ConfigClusterResolver      : Resolving eureka endpoints via configuration
2020-03-20 15:56:54.396  INFO [users-ws,,,] 24144 --- [AsyncResolver-bootstrap-executor-0] c.n.d.s.r.aws.ConfigClusterResolver      : Resolving eureka endpoints via configuration
2020-03-20 16:01:54.398  INFO [users-ws,,,] 24144 --- [AsyncResolver-bootstrap-executor-0] c.n.d.s.r.aws.ConfigClusterResolver      : Resolving eureka endpoints via configuration
2020-03-20 16:06:54.400  INFO [users-ws,,,] 24144 --- [AsyncResolver-bootstrap-executor-0] c.n.d.s.r.aws.ConfigClusterResolver      : Resolving eureka endpoints via configuration
2020-03-20 16:11:54.402  INFO [users-ws,,,] 24144 --- [AsyncResolver-bootstrap-executor-0] c.n.d.s.r.aws.ConfigClusterResolver      : Resolving eureka endpoints via configuration
2020-03-20 16:16:54.405  INFO [users-ws,,,] 24144 --- [AsyncResolver-bootstrap-executor-0] c.n.d.s.r.aws.ConfigClusterResolver      : Resolving eureka endpoints via configuration
2020-03-20 16:21:54.407  INFO [users-ws,,,] 24144 --- [AsyncResolver-bootstrap-executor-0] c.n.d.s.r.aws.ConfigClusterResolver      : Resolving eureka endpoints via configuration
2020-03-20 16:26:54.409  INFO [users-ws,,,] 24144 --- [AsyncResolver-bootstrap-executor-0] c.n.d.s.r.aws.ConfigClusterResolver      : Resolving eureka endpoints via configuration
2020-03-20 16:31:54.410  INFO [users-ws,,,] 24144 --- [AsyncResolver-bootstrap-executor-0] c.n.d.s.r.aws.ConfigClusterResolver      : Resolving eureka endpoints via configuration
2020-03-20 16:36:18.760  INFO [users-ws,,,] 24144 --- [RMI TCP Connection(3)-127.0.0.1] o.a.c.c.C.[Tomcat].[localhost].[/]       : Initializing Spring DispatcherServlet 'dispatcherServlet'
2020-03-20 16:36:18.761  INFO [users-ws,,,] 24144 --- [RMI TCP Connection(3)-127.0.0.1] o.s.web.servlet.DispatcherServlet        : Initializing Servlet 'dispatcherServlet'
2020-03-20 16:36:18.792  INFO [users-ws,,,] 24144 --- [RMI TCP Connection(3)-127.0.0.1] o.s.web.servlet.DispatcherServlet        : Completed initialization in 31 ms
2020-03-20 16:36:43.085  INFO [users-ws,,,] 24144 --- [RMI TCP Connection(7)-127.0.0.1] inMXBeanRegistrar$SpringApplicationAdmin : Application shutdown requested.
2020-03-20 16:36:43.090  INFO [users-ws,,,] 24144 --- [RMI TCP Connection(7)-127.0.0.1] o.s.c.n.e.s.EurekaServiceRegistry        : Unregistering application USERS-WS with eureka with status DOWN
2020-03-20 16:36:43.091  WARN [users-ws,,,] 24144 --- [RMI TCP Connection(7)-127.0.0.1] com.netflix.discovery.DiscoveryClient    : Saw local status change event StatusChangeEvent [timestamp=1584718603091, current=DOWN, previous=UP]
2020-03-20 16:36:43.091  INFO [users-ws,,,] 24144 --- [DiscoveryClient-InstanceInfoReplicator-0] com.netflix.discovery.DiscoveryClient    : DiscoveryClient_USERS-WS/users-ws:ef1b0be93d136ab3524d93f196e00de6: registering service...
2020-03-20 16:36:43.121  INFO [users-ws,,,] 24144 --- [RMI TCP Connection(7)-127.0.0.1] o.s.a.r.l.SimpleMessageListenerContainer : Waiting for workers to finish.
2020-03-20 16:36:43.224  INFO [users-ws,,,] 24144 --- [RMI TCP Connection(7)-127.0.0.1] o.s.a.r.l.SimpleMessageListenerContainer : Successfully waited for workers to finish.
2020-03-20 16:36:43.225  INFO [users-ws,,,] 24144 --- [RMI TCP Connection(7)-127.0.0.1] o.s.i.a.i.AmqpInboundChannelAdapter      : stopped bean 'inbound.springCloudBus.anonymous.IDdgbLiRQQeRXts8O7hNAg'
2020-03-20 16:36:43.232  INFO [users-ws,,,] 24144 --- [RMI TCP Connection(7)-127.0.0.1] o.s.c.stream.binder.BinderErrorChannel   : Channel 'application-1.springCloudBus.anonymous.IDdgbLiRQQeRXts8O7hNAg.errors' has 1 subscriber(s).
2020-03-20 16:36:43.234  INFO [users-ws,,,] 24144 --- [RMI TCP Connection(7)-127.0.0.1] o.s.c.stream.binder.BinderErrorChannel   : Channel 'application-1.springCloudBus.anonymous.IDdgbLiRQQeRXts8O7hNAg.errors' has 0 subscriber(s).
2020-03-20 16:36:43.239  INFO [users-ws,,,] 24144 --- [RMI TCP Connection(7)-127.0.0.1] o.s.i.endpoint.EventDrivenConsumer       : Removing {logging-channel-adapter:_org.springframework.integration.errorLogger} as a subscriber to the 'errorChannel' channel
2020-03-20 16:36:43.240  INFO [users-ws,,,] 24144 --- [RMI TCP Connection(7)-127.0.0.1] o.s.i.channel.PublishSubscribeChannel    : Channel 'application-1.errorChannel' has 0 subscriber(s).
2020-03-20 16:36:43.240  INFO [users-ws,,,] 24144 --- [RMI TCP Connection(7)-127.0.0.1] o.s.i.endpoint.EventDrivenConsumer       : stopped bean '_org.springframework.integration.errorLogger'
2020-03-20 16:36:43.244  INFO [users-ws,,,] 24144 --- [RMI TCP Connection(7)-127.0.0.1] o.s.s.concurrent.ThreadPoolTaskExecutor  : Shutting down ExecutorService 'applicationTaskExecutor'
2020-03-20 16:36:43.252  INFO [users-ws,,,] 24144 --- [RMI TCP Connection(7)-127.0.0.1] j.LocalContainerEntityManagerFactoryBean : Closing JPA EntityManagerFactory for persistence unit 'default'
2020-03-20 16:36:43.257  INFO [users-ws,,,] 24144 --- [RMI TCP Connection(7)-127.0.0.1] .SchemaDropperImpl$DelayedDropActionImpl : HHH000477: Starting delayed evictData of schema as part of SessionFactory shut-down'
2020-03-20 16:36:43.279  INFO [users-ws,,,] 24144 --- [RMI TCP Connection(7)-127.0.0.1] o.s.s.c.ThreadPoolTaskScheduler          : Shutting down ExecutorService 'taskScheduler'
2020-03-20 16:36:43.807  WARN [users-ws,,,] 24144 --- [AsyncReporter{org.springframework.cloud.sleuth.zipkin2.sender.RestTemplateSender@64d5baf5}] z.r.AsyncReporter$BoundedAsyncReporter   : Spans were dropped due to exceptions. All subsequent errors will be logged at FINE level.
2020-03-20 16:36:43.811  WARN [users-ws,,,] 24144 --- [AsyncReporter{org.springframework.cloud.sleuth.zipkin2.sender.RestTemplateSender@64d5baf5}] z.r.AsyncReporter$BoundedAsyncReporter   : Dropped 0 spans due to ResourceAccessException(I/O error on POST request for "http://localhost:9411/api/v2/spans": connect timed out; nested exception is java.net.SocketTimeoutException: connect timed out)

org.springframework.web.client.ResourceAccessException: I/O error on POST request for "http://localhost:9411/api/v2/spans": connect timed out; nested exception is java.net.SocketTimeoutException: connect timed out
	at org.springframework.web.client.RestTemplate.doExecute(RestTemplate.java:751) ~[spring-web-5.2.3.RELEASE.jar:5.2.3.RELEASE]
	at org.springframework.cloud.sleuth.zipkin2.sender.ZipkinRestTemplateWrapper.doExecute(ZipkinRestTemplateSenderConfiguration.java:228) ~[spring-cloud-sleuth-zipkin-2.2.1.RELEASE.jar:2.2.1.RELEASE]
	at org.springframework.web.client.RestTemplate.exchange(RestTemplate.java:644) ~[spring-web-5.2.3.RELEASE.jar:5.2.3.RELEASE]
	at org.springframework.cloud.sleuth.zipkin2.sender.RestTemplateSender.post(RestTemplateSender.java:129) ~[spring-cloud-sleuth-zipkin-2.2.1.RELEASE.jar:2.2.1.RELEASE]
	at org.springframework.cloud.sleuth.zipkin2.sender.RestTemplateSender$HttpPostCall.doExecute(RestTemplateSender.java:142) ~[spring-cloud-sleuth-zipkin-2.2.1.RELEASE.jar:2.2.1.RELEASE]
	at org.springframework.cloud.sleuth.zipkin2.sender.RestTemplateSender$HttpPostCall.doExecute(RestTemplateSender.java:132) ~[spring-cloud-sleuth-zipkin-2.2.1.RELEASE.jar:2.2.1.RELEASE]
	at zipkin2.Call$Base.execute(Call.java:380) ~[zipkin-2.19.0.jar:na]
	at zipkin2.reporter.AsyncReporter$BoundedAsyncReporter.flush(AsyncReporter.java:285) ~[zipkin-reporter-2.11.0.jar:na]
	at zipkin2.reporter.AsyncReporter$Flusher.run(AsyncReporter.java:354) [zipkin-reporter-2.11.0.jar:na]
	at java.lang.Thread.run(Unknown Source) [na:1.8.0_162]
Caused by: java.net.SocketTimeoutException: connect timed out
	at java.net.DualStackPlainSocketImpl.waitForConnect(Native Method) ~[na:1.8.0_162]
	at java.net.DualStackPlainSocketImpl.socketConnect(Unknown Source) ~[na:1.8.0_162]
	at java.net.AbstractPlainSocketImpl.doConnect(Unknown Source) ~[na:1.8.0_162]
	at java.net.AbstractPlainSocketImpl.connectToAddress(Unknown Source) ~[na:1.8.0_162]
	at java.net.AbstractPlainSocketImpl.connect(Unknown Source) ~[na:1.8.0_162]
	at java.net.PlainSocketImpl.connect(Unknown Source) ~[na:1.8.0_162]
	at java.net.SocksSocketImpl.connect(Unknown Source) ~[na:1.8.0_162]
	at java.net.Socket.connect(Unknown Source) ~[na:1.8.0_162]
	at sun.net.NetworkClient.doConnect(Unknown Source) ~[na:1.8.0_162]
	at sun.net.www.http.HttpClient.openServer(Unknown Source) ~[na:1.8.0_162]
	at sun.net.www.http.HttpClient.openServer(Unknown Source) ~[na:1.8.0_162]
	at sun.net.www.http.HttpClient.<init>(Unknown Source) ~[na:1.8.0_162]
	at sun.net.www.http.HttpClient.New(Unknown Source) ~[na:1.8.0_162]
	at sun.net.www.http.HttpClient.New(Unknown Source) ~[na:1.8.0_162]
	at sun.net.www.protocol.http.HttpURLConnection.getNewHttpClient(Unknown Source) ~[na:1.8.0_162]
	at sun.net.www.protocol.http.HttpURLConnection.plainConnect0(Unknown Source) ~[na:1.8.0_162]
	at sun.net.www.protocol.http.HttpURLConnection.plainConnect(Unknown Source) ~[na:1.8.0_162]
	at sun.net.www.protocol.http.HttpURLConnection.connect(Unknown Source) ~[na:1.8.0_162]
	at org.springframework.http.client.SimpleBufferingClientHttpRequest.executeInternal(SimpleBufferingClientHttpRequest.java:76) ~[spring-web-5.2.3.RELEASE.jar:5.2.3.RELEASE]
	at org.springframework.http.client.AbstractBufferingClientHttpRequest.executeInternal(AbstractBufferingClientHttpRequest.java:48) ~[spring-web-5.2.3.RELEASE.jar:5.2.3.RELEASE]
	at org.springframework.http.client.AbstractClientHttpRequest.execute(AbstractClientHttpRequest.java:53) ~[spring-web-5.2.3.RELEASE.jar:5.2.3.RELEASE]
	at org.springframework.web.client.RestTemplate.doExecute(RestTemplate.java:742) ~[spring-web-5.2.3.RELEASE.jar:5.2.3.RELEASE]
	... 9 common frames omitted

2020-03-20 16:36:43.820  INFO [users-ws,,,] 24144 --- [RMI TCP Connection(7)-127.0.0.1] o.s.i.monitor.IntegrationMBeanExporter   : Summary on shutdown: bean 'springCloudBusInput'
2020-03-20 16:36:43.820  INFO [users-ws,,,] 24144 --- [RMI TCP Connection(7)-127.0.0.1] o.s.i.monitor.IntegrationMBeanExporter   : Summary on shutdown: bean 'springCloudBusOutput'
2020-03-20 16:36:43.821  INFO [users-ws,,,] 24144 --- [RMI TCP Connection(7)-127.0.0.1] o.s.i.monitor.IntegrationMBeanExporter   : Summary on shutdown: bean 'errorChannel'
2020-03-20 16:36:43.821  INFO [users-ws,,,] 24144 --- [RMI TCP Connection(7)-127.0.0.1] o.s.i.monitor.IntegrationMBeanExporter   : Summary on shutdown: nullChannel
2020-03-20 16:36:43.821  INFO [users-ws,,,] 24144 --- [RMI TCP Connection(7)-127.0.0.1] o.s.i.monitor.IntegrationMBeanExporter   : Summary on shutdown: bean '_org.springframework.integration.errorLogger.handler' for component '_org.springframework.integration.errorLogger'
2020-03-20 16:36:43.821  INFO [users-ws,,,] 24144 --- [RMI TCP Connection(7)-127.0.0.1] o.s.i.monitor.IntegrationMBeanExporter   : Summary on shutdown: org.springframework.cloud.stream.binding.StreamListenerMessageHandler@59bf7264
2020-03-20 16:36:43.822  INFO [users-ws,,,] 24144 --- [RMI TCP Connection(7)-127.0.0.1] com.netflix.discovery.DiscoveryClient    : Shutting down DiscoveryClient ...
